<?xml version="1.0" encoding="UTF-8"?>
<!-- Generated by org.testng.reporters.JUnitReportReporter -->
<testsuite hostname="DESKTOP-9CPBSUT" failures="0" tests="1" name="actitimeapp.testscript.AlertHandling" time="17.034" errors="0" timestamp="2023-05-06T14:36:42 IST" skipped="0">
  <testcase classname="actitimeapp.testscript.AlertHandling" name="handleAlert" time="17.034"/>
  <system-out/>
</testsuite> <!-- actitimeapp.testscript.AlertHandling -->
