<?xml version="1.0" encoding="UTF-8"?>
<!-- Generated by org.testng.reporters.JUnitReportReporter -->
<testsuite hostname="DESKTOP-9CPBSUT" failures="0" tests="1" name="actitimeapp.testscript.DropdownHandling" time="14.658" errors="0" timestamp="2023-05-09T14:38:38 IST" skipped="0">
  <testcase classname="actitimeapp.testscript.DropdownHandling" name="handleDropdown" time="14.658"/>
  <system-out/>
</testsuite> <!-- actitimeapp.testscript.DropdownHandling -->
